[0m15:09:17.783195 [debug] [MainThread]: Sending event: {'category': 'dbt', 'action': 'invocation', 'label': 'start', 'context': [<snowplow_tracker.self_describing_json.SelfDescribingJson object at 0x10bb1c6d0>, <snowplow_tracker.self_describing_json.SelfDescribingJson object at 0x10cb965e0>, <snowplow_tracker.self_describing_json.SelfDescribingJson object at 0x10cb96400>]}


============================== 15:09:17.788595 | 4a2f43d8-0fde-48e9-a190-84ee22a51ec6 ==============================
[0m15:09:17.788595 [info ] [MainThread]: Running with dbt=1.10.17
[0m15:09:17.788950 [debug] [MainThread]: running dbt with arguments {'printer_width': '80', 'use_experimental_parser': 'False', 'invocation_command': 'dbt init', 'use_colors': 'True', 'introspect': 'True', 'indirect_selection': 'eager', 'send_anonymous_usage_stats': 'True', 'version_check': 'True', 'cache_selected_only': 'False', 'log_cache_events': 'False', 'warn_error': 'None', 'static_parser': 'True', 'log_format': 'default', 'target_path': 'None', 'write_json': 'True', 'quiet': 'False', 'empty': 'None', 'debug': 'False', 'partial_parse': 'True', 'log_path': 'logs', 'warn_error_options': 'WarnErrorOptionsV2(error=[], warn=[], silence=[])', 'profiles_dir': '/Users/sarah/.dbt', 'no_print': 'None', 'fail_fast': 'False'}
[0m15:09:17.797760 [info ] [MainThread]: Creating dbt configuration folder at /Users/sarah/.dbt
[0m15:09:38.268530 [debug] [MainThread]: Starter project path: /Users/sarah/Library/Python/3.9/lib/python/site-packages/dbt/include/starter_project
[0m15:09:38.283295 [info ] [MainThread]: 
Your new dbt project "airflow_data_pipeline" was created!

For more information on how to configure the profiles.yml file,
please consult the dbt documentation here:

  https://docs.getdbt.com/docs/configure-your-profile

One more thing:

Need help? Don't hesitate to reach out to us via GitHub issues or on Slack:

  https://community.getdbt.com/

Happy modeling!

[0m15:09:38.283962 [info ] [MainThread]: Setting up your profile.
[0m15:14:08.100296 [info ] [MainThread]: Profile airflow_data_pipeline written to /Users/sarah/.dbt/profiles.yml using target's profile_template.yml and your supplied values. Run 'dbt debug' to validate the connection.
[0m15:14:08.139753 [debug] [MainThread]: Resource report: {"command_name": "init", "command_success": true, "command_wall_clock_time": 290.40167, "process_in_blocks": "0", "process_kernel_time": 0.159452, "process_mem_max_rss": "118931456", "process_out_blocks": "0", "process_user_time": 0.955282}
[0m15:14:08.140567 [debug] [MainThread]: Command `dbt init` succeeded at 15:14:08.140438 after 290.40 seconds
[0m15:14:08.141086 [debug] [MainThread]: Sending event: {'category': 'dbt', 'action': 'invocation', 'label': 'end', 'context': [<snowplow_tracker.self_describing_json.SelfDescribingJson object at 0x10bb1c6d0>, <snowplow_tracker.self_describing_json.SelfDescribingJson object at 0x10cbc6070>, <snowplow_tracker.self_describing_json.SelfDescribingJson object at 0x10cb5d1c0>]}
[0m15:14:08.141684 [debug] [MainThread]: Flushing usage events
[0m15:14:08.401863 [debug] [MainThread]: An error was encountered while trying to flush usage events
